2025-12-22T20:50:31.381706500 | DISPOSE | Dispose transaction executed
2025-12-22T20:50:31.460610700 | DISPOSE_REDO | Dispose operation redone
2025-12-22T20:50:31.476241 | DISPOSE_UNDO | Dispose operation undone
2025-12-22T20:50:34.696504500 | ACCOUNT_CREATED | Account ID = 1
2025-12-22T20:50:34.714624200 | INTEREST_APPLIED | Saving interest applied
2025-12-22T20:50:34.736826400 | WITHDRAW_REDO | Withdraw operation redone
2025-12-22T20:50:34.746906600 | WITHDRAW_UNDO | Withdraw operation undone
2025-12-22T20:50:34.756968200 | WITHDRAW_EXECUTED | Money withdrawn from account
2025-12-22T20:50:34.837542800 | TICKET_PROCESS | Ticket process has been 
2025-12-22T20:50:34.877835 | TICKET_PROCESS | Ticket process has been 
2025-12-22T20:50:35.530666500 | REPORT_GENERATED | PDF report generated
2025-12-22T20:50:35.530666500 | REPORT_GENERATED | PDF report generated
2025-12-22T20:50:35.546300800 | INTEREST_APPLIED | Loan interest applied
2025-12-22T20:50:35.561930 | TRANSFER_EXECUTED | Money transferred from sender to receiver
2025-12-22T20:50:35.577559600 | TRANSFER_REDO | Transfer operation redone
2025-12-22T20:50:35.577559600 | TRANSFER_UNDO | Transfer operation undone
2025-12-22T20:50:35.593187900 | FEATURE_ADDED | Insurance feature added
2025-12-22T20:50:35.593187900 | WITHDRAW | Withdraw with overdraft
2025-12-22T20:50:35.693488300 | SCHEDULED_INTEREST | Monthly interest executed
2025-12-22T20:50:35.693488300 | SCHEDULED_INTEREST | Monthly interest executed
2025-12-22T20:50:35.762522 | DEPOSIT | Deposit on active account
2025-12-22T20:50:35.778152200 | APPROVAL_CHECK | Admin approval granted
2025-12-22T20:50:35.793781400 | APPROVAL_CHECK | Approval failed: wrong PIN
2025-12-22T20:50:35.793781400 | APPROVAL_CHECK | Approval validation executed
2025-12-22T20:50:35.793781400 | APPROVAL_CHECK | Approval failed: insufficient balance
2025-12-22T20:50:35.809412700 | DEPOSIT | Deposit with cashback feature
